[     338ms] [ERROR] Failed to load resource: the server responded with a status of 404 () @ https://bitbucket.org/dintsin010/py-services/src/main/:0
[     786ms] [WARNING] {msg: An error has occurred checking the feature gate. Only the first occurrence of this error is logged., gateName: platform_increased-contrast-themes, error: Error: Client must be initialized before using this method
    at e.value (https://bbc-object-stora…} @ https://bbc-object-storage--frontbucket.us-east-1.prod.public.atl-paas.net/c46b0b9c6fc5/dist/webpack/theme-init.js:1
[     802ms] Uncaught TypeError: e.Integrations.RewriteFrames is not a constructor
    at <anonymous> (https://bbc-object-storage--frontbucket.us-east-1.prod.public.atl-paas.net/c46b0b9c6fc5/dist/webpack/sentry.js:1:132571)
    at <anonymous> (https://bbc-object-storage--frontbucket.us-east-1.prod.public.atl-paas.net/c46b0b9c6fc5/dist/webpack/sentry.js:1:132772)
    at <anonymous> (https://bbc-object-storage--frontbucket.us-east-1.prod.public.atl-paas.net/c46b0b9c6fc5/dist/webpack/sentry.js:1:132776)
[     834ms] [LOG] JQMIGRATE: Migrate is installed with logging active, version 3.3.1 @ https://bbc-object-storage--frontbucket.us-east-1.prod.public.atl-paas.net/c46b0b9c6fc5/dist/webpack/aui-8.js:1
[    1398ms] [WARNING] Multiple versions of FeatureGateClients found on the current page.
      The currently bound version is 5.5.4 when module version 5.5.5 was loading. @ https://bbc-object-storage--frontbucket.us-east-1.prod.public.atl-paas.net/c46b0b9c6fc5/dist/webpack/vendor.js:1
[    1461ms] [WARNING] Multiple versions of FeatureGateClients found on the current page.
      The currently bound version is 5.5.4 when module version 4.23.4 was loading. @ https://bbc-object-storage--frontbucket.us-east-1.prod.public.atl-paas.net/c46b0b9c6fc5/dist/webpack/vendor.js:1
[    1462ms] [INFO] Connect GasV3 catch TypeError: window.require is not a function
    at r._trackGasV3 (https://bbc-object-storage--frontbucket.us-east-1.prod.public.atl-paas.net/c46b0b9c6fc5/dist/webpack/vendor.js:2:4684019)
    at r._trackAndForwardGasV3 (https://bbc-object-storage--frontbucket.us-east-1.prod.public.atl-paas.net/c46b0b9c6fc5/dist/webpack/vendor.js:2:4684187)
    at r.trackGasV3FeatureFlagDefaultFalse (https://bbc-object-storage--frontbucket.us-east-1.prod.public.atl-paas.net/c46b0b9c6fc5/dist/webpack/vendor.js:2:4690025)
    at https://bbc-object-storage--frontbucket.us-east-1.prod.public.atl-paas.net/c46b0b9c6fc5/dist/webpack/vendor.js:2:4811668
    at Qr (https://bbc-object-storage--frontbucket.us-east-1.prod.public.atl-paas.net/c46b0b9c6fc5/dist/webpack/vendor.js:2:4811804)
    at https://bbc-object-storage--frontbucket.us-east-1.prod.public.atl-paas.net/c46b0b9c6fc5/dist/webpack/vendor.js:2:4863822
    at 57534 (https://bbc-object-storage--frontbucket.us-east-1.prod.public.atl-paas.net/c46b0b9c6fc5/dist/webpack/vendor.js:2:4864054)
    at u (https://bbc-object-storage--frontbucket.us-east-1.prod.public.atl-paas.net/c46b0b9c6fc5/dist/webpack/app.js:1:610)
    at 68285 (https://bbc-object-storage--frontbucket.us-east-1.prod.public.atl-paas.net/c46b0b9c6fc5/dist/webpack/vendor.js:2:2711139)
    at u (https://bbc-object-storage--frontbucket.us-east-1.prod.public.atl-paas.net/c46b0b9c6fc5/dist/webpack/app.js:1:610) @ https://bbc-object-storage--frontbucket.us-east-1.prod.public.atl-paas.net/c46b0b9c6fc5/dist/webpack/vendor.js:1
[    1462ms] [ERROR] [ACJS] Feature flag service is not initialised. Default flag 'acjs_iframe_click_analytics' to false @ https://bbc-object-storage--frontbucket.us-east-1.prod.public.atl-paas.net/c46b0b9c6fc5/dist/webpack/vendor.js:1
[    1503ms] [WARNING] JQMIGRATE: jQuery.isArray is deprecated; use Array.isArray @ https://bbc-object-storage--frontbucket.us-east-1.prod.public.atl-paas.net/c46b0b9c6fc5/dist/webpack/aui-8.js:1
[    1535ms] [WARNING] DEPRECATED JS- PopulateParameters has been deprecated since 9.0.0 and will be removed in 11.0.0.  
     at HTMLDocument.<anonymous> (https://bbc-object-storage--frontbucket.us-east-1.prod.public.atl-paas.net/c46b0b9c6fc5/dist/webpack/aui-8.js:2:284760) @ https://bbc-object-storage--frontbucket.us-east-1.prod.public.atl-paas.net/c46b0b9c6fc5/dist/webpack/aui-8.js:1
[    1673ms] [ERROR] Failed to load resource: the server responded with a status of 400 () @ https://api.atlassian.com/flags/api/v2/frontend/experimentValues:0
[    1675ms] [ERROR] Error occurred when trying to fetch the Feature Gates client values, error: Non 2xx response status received, status: 400, body: "Must provide at least one Statsig-supported identifier" @ https://bbc-object-storage--frontbucket.us-east-1.prod.public.atl-paas.net/c46b0b9c6fc5/dist/webpack/theme-init.js:1
[    1675ms] [WARNING] Initialising Statsig client without values @ https://bbc-object-storage--frontbucket.us-east-1.prod.public.atl-paas.net/c46b0b9c6fc5/dist/webpack/theme-init.js:1
[    1677ms] [ERROR]  ERROR  [Statsig] Failed to parse EvaluationResponse @ https://bbc-object-storage--frontbucket.us-east-1.prod.public.atl-paas.net/c46b0b9c6fc5/dist/webpack/theme-init.js:1
[    1677ms] [ERROR]  ERROR  [Statsig] Failed to parse EvaluationResponse @ https://bbc-object-storage--frontbucket.us-east-1.prod.public.atl-paas.net/c46b0b9c6fc5/dist/webpack/theme-init.js:1
[    1678ms] Uncaught (in promise) Error: Non 2xx response status received, status: 400, body: "Must provide at least one Statsig-supported identifier"
    at <anonymous> (https://bbc-object-storage--frontbucket.us-east-1.prod.public.atl-paas.net/c46b0b9c6fc5/dist/webpack/theme-init.js:1:54147)
    at <anonymous> (https://bbc-object-storage--frontbucket.us-east-1.prod.public.atl-paas.net/c46b0b9c6fc5/dist/webpack/theme-init.js:1:339398)
    at <anonymous> (https://bbc-object-storage--frontbucket.us-east-1.prod.public.atl-paas.net/c46b0b9c6fc5/dist/webpack/theme-init.js:1:336106)
    at <anonymous> (https://bbc-object-storage--frontbucket.us-east-1.prod.public.atl-paas.net/c46b0b9c6fc5/dist/webpack/theme-init.js:1:338096)
    at t (https://bbc-object-storage--frontbucket.us-east-1.prod.public.atl-paas.net/c46b0b9c6fc5/dist/webpack/theme-init.js:1:330034)
    at d (https://bbc-object-storage--frontbucket.us-east-1.prod.public.atl-paas.net/c46b0b9c6fc5/dist/webpack/theme-init.js:1:330245)

