[2026-02-25 10:40:19.427] [  SERVER] ════════════════════════════════════════════════════════════
[2026-02-25 10:40:19.427] [  SERVER] TTS HTTP Server — Chirp3-HD
[2026-02-25 10:40:19.427] [  SERVER] ════════════════════════════════════════════════════════════
[2026-02-25 10:40:19.427] [  SERVER] URL:            http://0.0.0.0:8765
[2026-02-25 10:40:19.432] [  SERVER] Лог:            [USER_HOME]\OneDrive\Work.Oki-toki\TTS для Оки-Токи\Lira TTS\tts_server.log
[2026-02-25 10:40:19.432] [  SERVER] Голоси:         Leda, Puck, Kore, Aoede, Charon, Fenrir
[2026-02-25 10:40:19.432] [  SERVER] Розбивка:       кожне речення окремо
[2026-02-25 10:40:19.432] [  SERVER] gRPC каналів:   5
[2026-02-25 10:40:19.432] [  SERVER] Одночасних:     до 100 запитів
[2026-02-25 10:40:19.432] [  SERVER] Таймаут сесії:  300с (5 хв)
[2026-02-25 10:40:19.432] [  SERVER] Формат аудіо:   WAV 8kHz 16bit mono
[2026-02-25 10:40:19.432] [  SERVER] ════════════════════════════════════════════════════════════
[2026-02-25 10:40:19.432] [  SERVER] 
[2026-02-25 10:40:19.432] [  SERVER] Ендпоінти:
[2026-02-25 10:40:19.432] [  SERVER]   POST /start  — почати сесію (прогрів gRPC)
[2026-02-25 10:40:19.432] [  SERVER]   POST /tts    — згенерувати TTS → WAV
[2026-02-25 10:40:19.432] [  SERVER]   POST /stop   — закрити сесію
[2026-02-25 10:40:19.432] [  SERVER]   GET  /status — статус сервера
[2026-02-25 10:40:19.432] [  SERVER] 
[2026-02-25 10:40:19.432] [  WARMUP] Прогрів 5 gRPC каналів...
[2026-02-25 10:40:20.069] [  WARMUP]   gRPC client [1/5] готовий
[2026-02-25 10:40:20.576] [  WARMUP]   gRPC client [2/5] готовий
[2026-02-25 10:40:21.036] [  WARMUP]   gRPC client [3/5] готовий
[2026-02-25 10:40:21.515] [  WARMUP]   gRPC client [4/5] готовий
[2026-02-25 10:40:21.849] [  WARMUP]   gRPC client [5/5] готовий
[2026-02-25 10:40:21.849] [  WARMUP] Прогрів завершено за 2417мс
[2026-02-25 10:40:21.849] [  SERVER] 
[2026-02-25 10:40:21.849] [  SERVER] Чекаю curl запитів від LIRA...
[2026-02-25 10:40:21.849] [  SERVER] ════════════════════════════════════════════════════════════

