[2026-02-25 10:41:35.840] [  SERVER] ════════════════════════════════════════════════════════════
[2026-02-25 10:41:35.840] [  SERVER] TTS HTTP Server — Chirp3-HD
[2026-02-25 10:41:35.840] [  SERVER] ════════════════════════════════════════════════════════════
[2026-02-25 10:41:35.840] [  SERVER] URL:            http://0.0.0.0:8765
[2026-02-25 10:41:35.840] [  SERVER] Лог:            [USER_HOME]\OneDrive\Work.Oki-toki\TTS для Оки-Токи\Lira TTS\Server code\tts_server.log
[2026-02-25 10:41:35.840] [  SERVER] Голоси:         Leda, Puck, Kore, Aoede, Charon, Fenrir
[2026-02-25 10:41:35.840] [  SERVER] Розбивка:       кожне речення окремо
[2026-02-25 10:41:35.840] [  SERVER] gRPC каналів:   5
[2026-02-25 10:41:35.840] [  SERVER] Одночасних:     до 100 запитів
[2026-02-25 10:41:35.840] [  SERVER] Таймаут сесії:  300с (5 хв)
[2026-02-25 10:41:35.840] [  SERVER] Формат аудіо:   WAV 8kHz 16bit mono
[2026-02-25 10:41:35.840] [  SERVER] ════════════════════════════════════════════════════════════
[2026-02-25 10:41:35.840] [  SERVER] 
[2026-02-25 10:41:35.840] [  SERVER] Ендпоінти:
[2026-02-25 10:41:35.840] [  SERVER]   POST /start  — почати сесію (прогріє gRPC при першому виклику)
[2026-02-25 10:41:35.840] [  SERVER]   POST /tts    — згенерувати TTS → WAV
[2026-02-25 10:41:35.840] [  SERVER]   POST /stop   — закрити сесію
[2026-02-25 10:41:35.840] [  SERVER]   GET  /status — статус сервера
[2026-02-25 10:41:35.840] [  SERVER] 
[2026-02-25 10:41:35.840] [  SERVER] gRPC прогрів: лінивий (при першому POST /start)
[2026-02-25 10:41:35.840] [  SERVER] 
[2026-02-25 10:41:35.840] [  SERVER] Чекаю curl запитів від LIRA...
[2026-02-25 10:41:35.840] [  SERVER] ════════════════════════════════════════════════════════════

